<?xml version="1.0" encoding="UTF-8"?>
<!-- Generated by org.testng.reporters.JUnitXMLReporter -->
<testsuite ignored="0" hostname="Rajeshs-MacBook-Pro.local" failures="0" tests="2" name="SeleniumAdvanceFramework" time="21.722" errors="0" timestamp="2021-05-09T14:23:52 IST">
  <testcase classname="com.framework.tests.OrangeHRMTest" name="loginTest" time="9.565"/>
  <testcase classname="com.framework.tests.OrangeHRMTest" name="loginTest" time="9.441"/>
</testsuite> <!-- SeleniumAdvanceFramework -->
